<?xml version="1.0" encoding="UTF-8"?>
<testng-results ignored="0" total="2" passed="2" failed="0" skipped="0">
  <reporter-output>
  </reporter-output>
  <suite started-at="2022-11-10T13:34:20 IST" name="HRM Test Suite" finished-at="2022-11-10T13:34:29 IST" duration-ms="8740">
    <groups>
    </groups>
    <test started-at="2022-11-10T13:34:20 IST" name="Pending Leave Request Test Case" finished-at="2022-11-10T13:34:25 IST" duration-ms="4522">
      <class name="Testcase.Test_Pending_Leave_Req">
        <test-method signature="verifyPendingRequest()[pri:0, instance:Testcase.Test_Pending_Leave_Req@1725dc0f]" started-at="2022-11-10T13:34:20 IST" name="verifyPendingRequest" finished-at="2022-11-10T13:34:24 IST" duration-ms="4449" status="PASS">
          <reporter-output>
          </reporter-output>
        </test-method> <!-- verifyPendingRequest -->
      </class> <!-- Testcase.Test_Pending_Leave_Req -->
    </test> <!-- Pending Leave Request Test Case -->
    <test started-at="2022-11-10T13:34:25 IST" name="Pending User Role Test case" finished-at="2022-11-10T13:34:29 IST" duration-ms="4163">
      <class name="Testcase.Test_User_Role_Req">
        <test-method is-config="true" signature="lanchBrowser()[pri:0, instance:Testcase.Test_User_Role_Req@384ad17b]" started-at="2022-11-10T13:34:11 IST" name="lanchBrowser" finished-at="2022-11-10T13:34:20 IST" duration-ms="8749" status="PASS">
          <reporter-output>
          </reporter-output>
        </test-method> <!-- lanchBrowser -->
        <test-method signature="adminpagemodify()[pri:0, instance:Testcase.Test_User_Role_Req@384ad17b]" started-at="2022-11-10T13:34:25 IST" name="adminpagemodify" finished-at="2022-11-10T13:34:29 IST" duration-ms="4157" status="PASS">
          <reporter-output>
          </reporter-output>
        </test-method> <!-- adminpagemodify -->
        <test-method is-config="true" signature="tearDown()[pri:0, instance:Testcase.Test_User_Role_Req@384ad17b]" started-at="2022-11-10T13:34:29 IST" name="tearDown" finished-at="2022-11-10T13:34:30 IST" duration-ms="857" status="PASS">
          <reporter-output>
          </reporter-output>
        </test-method> <!-- tearDown -->
      </class> <!-- Testcase.Test_User_Role_Req -->
    </test> <!-- Pending User Role Test case -->
  </suite> <!-- HRM Test Suite -->
</testng-results>
